<?xml version='1.0' encoding='UTF-8'?>
<testsuite hostname="Kompukter" name="WikipediaSearchTest" tests="3" errors="0" failures="0" skipped="0" time="21.135" timestamp="2022-05-18T01:39:24">
          <properties>
[...]
</properties>
          <testcase classname="WikipediaSearchTest" name="User should be able to find topic" time="6.441">
                      
                    </testcase><testcase classname="WikipediaSearchTest" name="User should login successfully" time="8.726">
                      
                    </testcase><testcase classname="WikipediaSearchTest" name="User should be able to change language" time="5.968">
                      
                    </testcase>
          <system-out><![CDATA[]]></system-out>
          <system-err><![CDATA[]]></system-err>
        </testsuite>